git comfig --global user.name olejkaurban
git comfig --global user.email olejka.urban@mail.ru
git comfig --global init.defaultBranch main
apt install git gh
ssh-keygen -t ed25519 -f /root/.ssh/olejkaurban
gh auto login
gh auto setup-git --hpstname github.com
gh auth status
gh repo create --public eltex_module1
mkdir ~/eltex_module1 && cd ~/eltex_module1
echo #... >> README.md
git init
git add README.md
commit -m first commit
branch -M main
git remote add origin https://github.com/olejkaurban/eltex_module1.git
git status
git push -u origin main
mkdir -p module1/task1
mkdir module1/task2
mkdir module1/task3
git add .
git status
git commit ...
git push
mkdir ~/eltex_module1_clone && cd ~/eltex_module1_clone
git clone https://github.com/olejkaurban/eltex_module1.git .
git fetch
git log origin/main
git diff main origin/main
git merge
